<?xml version="1.0" encoding="UTF-8"?>
<!-- Generated by org.testng.reporters.JUnitXMLReporter -->
<testsuite hostname="LAPTOP-NIK091QM" ignored="0" name="ContactsPageTest" tests="6" failures="0" timestamp="2021-07-09T22:32:09 IST" time="145.419" errors="0">
  <testcase name="verifyContactsPageLabel" time="2.709" classname="com.companyNameAbc.projectNameCrm.qa.testcases.ContactsPageTest"/>
  <testcase name="selectSingleContactsTest" time="1.57" classname="com.companyNameAbc.projectNameCrm.qa.testcases.ContactsPageTest"/>
  <testcase name="selectMultipleContactsTest" time="2.198" classname="com.companyNameAbc.projectNameCrm.qa.testcases.ContactsPageTest"/>
  <testcase name="validateCreateNewContact" time="6.233" classname="com.companyNameAbc.projectNameCrm.qa.testcases.ContactsPageTest"/>
  <testcase name="validateCreateNewContact" time="5.45" classname="com.companyNameAbc.projectNameCrm.qa.testcases.ContactsPageTest"/>
  <testcase name="validateCreateNewContact" time="5.129" classname="com.companyNameAbc.projectNameCrm.qa.testcases.ContactsPageTest"/>
</testsuite> <!-- ContactsPageTest -->
