<?xml version="1.0" encoding="UTF-8"?>
<!-- Generated by org.testng.reporters.JUnitXMLReporter -->
<testsuite hostname="LAPTOP-NIK091QM" ignored="0" name="HomePageTest" tests="3" failures="0" timestamp="2021-07-09T22:29:43 IST" time="62.9" errors="0">
  <testcase name="verifyHomePageTitleTest" time="0.023" classname="com.companyNameAbc.projectNameCrm.qa.testcases.HomePageTest"/>
  <testcase name="verifyUserNameTest" time="0.188" classname="com.companyNameAbc.projectNameCrm.qa.testcases.HomePageTest"/>
  <testcase name="verifyContactsLinkTest" time="1.614" classname="com.companyNameAbc.projectNameCrm.qa.testcases.HomePageTest"/>
</testsuite> <!-- HomePageTest -->
