<?xml version="1.0" encoding="UTF-8"?>
<!-- Generated by org.testng.reporters.JUnitXMLReporter -->
<testsuite hostname="LAPTOP-NIK091QM" ignored="0" name="LoginPageTest" tests="3" failures="0" timestamp="2021-07-09T22:28:40 IST" time="63.94" errors="0">
  <testcase name="loginPageTitleTest" time="0.068" classname="com.companyNameAbc.projectNameCrm.qa.testcases.LoginPageTest"/>
  <testcase name="crmLogoImageTest" time="0.201" classname="com.companyNameAbc.projectNameCrm.qa.testcases.LoginPageTest"/>
  <testcase name="loginTest" time="6.728" classname="com.companyNameAbc.projectNameCrm.qa.testcases.LoginPageTest"/>
</testsuite> <!-- LoginPageTest -->
