<?xml version="1.0" encoding="UTF-8"?>
<!-- Generated by org.testng.reporters.JUnitXMLReporter -->
<testsuite ignored="0" hostname="LAPTOP-NIK091QM" failures="0" tests="3" name="Default test" time="70.209" errors="0" timestamp="2021-07-09T21:46:29 IST">
  <testcase classname="com.companyNameAbc.projectNameCrm.qa.testcases.HomePageTest" name="verifyHomePageTitleTest" time="0.026"/>
  <testcase classname="com.companyNameAbc.projectNameCrm.qa.testcases.HomePageTest" name="verifyUserNameTest" time="0.146"/>
  <testcase classname="com.companyNameAbc.projectNameCrm.qa.testcases.HomePageTest" name="verifyContactsLinkTest" time="2.003"/>
</testsuite> <!-- Default test -->
