<?xml version="1.0" encoding="UTF-8"?>
<!-- Generated by org.testng.reporters.JUnitXMLReporter -->
<testsuite ignored="0" hostname="LAPTOP-NIK091QM" failures="0" tests="3" name="HomePageTest" time="58.755" errors="0" timestamp="2021-07-09T21:49:05 IST">
  <testcase classname="com.companyNameAbc.projectNameCrm.qa.testcases.HomePageTest" name="verifyHomePageTitleTest" time="0.007"/>
  <testcase classname="com.companyNameAbc.projectNameCrm.qa.testcases.HomePageTest" name="verifyUserNameTest" time="0.1"/>
  <testcase classname="com.companyNameAbc.projectNameCrm.qa.testcases.HomePageTest" name="verifyContactsLinkTest" time="1.771"/>
</testsuite> <!-- HomePageTest -->
