<?xml version="1.0" encoding="UTF-8"?>
<!-- Generated by org.testng.reporters.JUnitXMLReporter -->
<testsuite ignored="0" hostname="LAPTOP-NIK091QM" failures="0" tests="3" name="LoginPageTest" time="59.881" errors="0" timestamp="2021-07-09T21:48:06 IST">
  <testcase classname="com.companyNameAbc.projectNameCrm.qa.testcases.LoginPageTest" name="loginPageTitleTest" time="0.028"/>
  <testcase classname="com.companyNameAbc.projectNameCrm.qa.testcases.LoginPageTest" name="crmLogoImageTest" time="0.153"/>
  <testcase classname="com.companyNameAbc.projectNameCrm.qa.testcases.LoginPageTest" name="loginTest" time="7.927"/>
</testsuite> <!-- LoginPageTest -->
